<?xml version="1.0" encoding="UTF-8"?>
<!-- Generated by org.testng.reporters.JUnitReportReporter -->
<testsuite skipped="0" hostname="Helen_X230" name="com.fundpage.test.testcase.WFMonthlyInvestAndTotal" tests="1" failures="0" timestamp="2022-01-13T21:02:15 CST" time="67.840" errors="0">
  <testcase name="wealthFormula" time="67.840" classname="com.fundpage.test.testcase.WFMonthlyInvestAndTotal"/>
  <system-out/>
</testsuite> <!-- com.fundpage.test.testcase.WFMonthlyInvestAndTotal -->
