<?xml version="1.0" encoding="UTF-8"?>
<!-- Generated by org.testng.reporters.JUnitReportReporter -->
<testsuite skipped="0" hostname="Helen_X230" name="com.fundpage.test.testcase.HomePageTest" tests="2" failures="0" timestamp="2022-02-16T19:53:52 CST" time="48.093" errors="0">
  <testcase name="testOpenWF" time="24.466" classname="com.fundpage.test.testcase.HomePageTest"/>
  <system-out/>
  <testcase name="testOpenSearchSecurity" time="23.627" classname="com.fundpage.test.testcase.HomePageTest"/>
  <system-out/>
</testsuite> <!-- com.fundpage.test.testcase.HomePageTest -->
