<?xml version="1.0" encoding="UTF-8"?>
<!-- Generated by org.testng.reporters.JUnitReportReporter -->
<testsuite skipped="0" hostname="Helen_X230" name="com.fundpage.test.testcase.LoginTest" tests="1" failures="0" timestamp="2022-02-18T19:51:31 CST" time="33.939" errors="0">
  <testcase name="testLogin" time="33.939" classname="com.fundpage.test.testcase.LoginTest"/>
  <system-out/>
</testsuite> <!-- com.fundpage.test.testcase.LoginTest -->
